2017-06-19T05:00:19+00:00 ERROR WalletOne\Classes\StandardsMethods\W1Settings Поле Индентификатор (номер кассы) не должно быть пустым.
2017-06-19T05:00:19+00:00 ERROR WalletOne\Classes\StandardsMethods\W1Settings Поле Ключ (ЭЦП) интернет-магазина не должно быть пустым.
2017-06-19T05:00:19+00:00 ERROR WalletOne\Classes\StandardsMethods\W1Settings Поле Идентификатор валюты по умолчанию не должно быть пустым.
2017-06-19T05:00:23+00:00 ERROR WalletOne\Classes\StandardsMethods\W1Settings Поле Индентификатор (номер кассы) не должно быть пустым.
2017-06-19T05:00:23+00:00 ERROR WalletOne\Classes\StandardsMethods\W1Settings Поле Ключ (ЭЦП) интернет-магазина не должно быть пустым.
2017-06-19T05:00:23+00:00 ERROR WalletOne\Classes\StandardsMethods\W1Settings Поле Идентификатор валюты по умолчанию не должно быть пустым.
2017-06-19T05:00:28+00:00 ERROR WalletOne\Classes\StandardsMethods\W1Settings Поле Индентификатор (номер кассы) не должно быть пустым.
2017-06-19T05:00:28+00:00 ERROR WalletOne\Classes\StandardsMethods\W1Settings Поле Ключ (ЭЦП) интернет-магазина не должно быть пустым.
2017-06-19T05:00:28+00:00 ERROR WalletOne\Classes\StandardsMethods\W1Settings Поле Идентификатор валюты по умолчанию не должно быть пустым.
2017-06-19T05:01:08+00:00 ERROR WalletOne\Classes\StandardsMethods\W1Settings Поле Индентификатор (номер кассы) не должно быть пустым.
2017-06-19T05:01:08+00:00 ERROR WalletOne\Classes\StandardsMethods\W1Settings Поле Ключ (ЭЦП) интернет-магазина не должно быть пустым.
2017-06-19T05:01:08+00:00 ERROR WalletOne\Classes\StandardsMethods\W1Settings Поле Идентификатор валюты по умолчанию не должно быть пустым.
2017-06-19T05:01:14+00:00 ERROR WalletOne\Classes\StandardsMethods\W1Settings Поле Индентификатор (номер кассы) не должно быть пустым.
2017-06-19T05:01:14+00:00 ERROR WalletOne\Classes\StandardsMethods\W1Settings Поле Ключ (ЭЦП) интернет-магазина не должно быть пустым.
2017-06-19T05:01:14+00:00 ERROR WalletOne\Classes\StandardsMethods\W1Settings Поле Идентификатор валюты по умолчанию не должно быть пустым.
2017-06-19T05:01:18+00:00 ERROR WalletOne\Classes\StandardsMethods\W1Settings Поле Индентификатор (номер кассы) не должно быть пустым.
2017-06-19T05:01:18+00:00 ERROR WalletOne\Classes\StandardsMethods\W1Settings Поле Ключ (ЭЦП) интернет-магазина не должно быть пустым.
2017-06-19T05:01:18+00:00 ERROR WalletOne\Classes\StandardsMethods\W1Settings Поле Идентификатор валюты по умолчанию не должно быть пустым.
2017-06-19T05:01:37+00:00 ERROR WalletOne\Classes\StandardsMethods\W1Settings Поле Индентификатор (номер кассы) не должно быть пустым.
2017-06-19T05:01:37+00:00 ERROR WalletOne\Classes\StandardsMethods\W1Settings Поле Ключ (ЭЦП) интернет-магазина не должно быть пустым.
2017-06-19T05:01:37+00:00 ERROR WalletOne\Classes\StandardsMethods\W1Settings Поле Идентификатор валюты по умолчанию не должно быть пустым.
2017-06-19T05:12:24+00:00 INFO  WC_Gateway_W1 Успешная оплата заказа. Номер заказа: 16. Статус заказа: accepted. Номер заказа в платежной системе 339604400633
2017-08-30T16:30:45+00:00 ERROR WalletOne\Classes\StandardsMethods\W1Settings Поле Индентификатор (номер кассы) не должно быть пустым.
2017-08-30T16:30:45+00:00 ERROR WalletOne\Classes\StandardsMethods\W1Settings Поле Ключ (ЭЦП) интернет-магазина не должно быть пустым.
2017-08-30T16:30:45+00:00 ERROR WalletOne\Classes\StandardsMethods\W1Settings Поле Идентификатор валюты по умолчанию не должно быть пустым.
2017-08-30T16:30:50+00:00 ERROR WalletOne\Classes\StandardsMethods\W1Settings Поле Индентификатор (номер кассы) не должно быть пустым.
2017-08-30T16:30:50+00:00 ERROR WalletOne\Classes\StandardsMethods\W1Settings Поле Ключ (ЭЦП) интернет-магазина не должно быть пустым.
2017-08-30T16:30:50+00:00 ERROR WalletOne\Classes\StandardsMethods\W1Settings Поле Идентификатор валюты по умолчанию не должно быть пустым.
2017-08-30T16:30:53+00:00 ERROR WalletOne\Classes\StandardsMethods\W1Settings Поле Индентификатор (номер кассы) не должно быть пустым.
2017-08-30T16:30:53+00:00 ERROR WalletOne\Classes\StandardsMethods\W1Settings Поле Ключ (ЭЦП) интернет-магазина не должно быть пустым.
2017-08-30T16:30:53+00:00 ERROR WalletOne\Classes\StandardsMethods\W1Settings Поле Идентификатор валюты по умолчанию не должно быть пустым.
2017-08-30T16:33:38+00:00 ERROR WalletOne\Classes\StandardsMethods\W1Settings Поле Индентификатор (номер кассы) не должно быть пустым.
2017-08-30T16:33:38+00:00 ERROR WalletOne\Classes\StandardsMethods\W1Settings Поле Ключ (ЭЦП) интернет-магазина не должно быть пустым.
2017-08-30T16:33:38+00:00 ERROR WalletOne\Classes\StandardsMethods\W1Settings Поле Идентификатор валюты по умолчанию не должно быть пустым.
2017-12-16T22:05:16+00:00 ERROR WalletOne\Classes\StandardsMethods\W1Settings Поле Индентификатор (номер кассы) не должно быть пустым.
2017-12-16T22:05:16+00:00 ERROR WalletOne\Classes\StandardsMethods\W1Settings Поле Ключ (ЭЦП) интернет-магазина не должно быть пустым.
2017-12-16T22:05:16+00:00 ERROR WalletOne\Classes\StandardsMethods\W1Settings Поле Идентификатор валюты по умолчанию не должно быть пустым.
2017-12-16T22:05:31+00:00 ERROR WalletOne\Classes\StandardsMethods\W1Settings Поле Индентификатор (номер кассы) не должно быть пустым.
2017-12-16T22:05:31+00:00 ERROR WalletOne\Classes\StandardsMethods\W1Settings Поле Ключ (ЭЦП) интернет-магазина не должно быть пустым.
2017-12-16T22:05:31+00:00 ERROR WalletOne\Classes\StandardsMethods\W1Settings Поле Идентификатор валюты по умолчанию не должно быть пустым.
2017-12-16T22:05:40+00:00 ERROR WalletOne\Classes\StandardsMethods\W1Settings Поле Индентификатор (номер кассы) не должно быть пустым.
2017-12-16T22:05:40+00:00 ERROR WalletOne\Classes\StandardsMethods\W1Settings Поле Ключ (ЭЦП) интернет-магазина не должно быть пустым.
2017-12-16T22:05:40+00:00 ERROR WalletOne\Classes\StandardsMethods\W1Settings Поле Идентификатор валюты по умолчанию не должно быть пустым.
2017-12-16T22:06:52+00:00 ERROR WalletOne\Classes\StandardsMethods\W1Settings Поле Индентификатор (номер кассы) не должно быть пустым.
2017-12-16T22:06:52+00:00 ERROR WalletOne\Classes\StandardsMethods\W1Settings Поле Ключ (ЭЦП) интернет-магазина не должно быть пустым.
2017-12-16T22:06:52+00:00 ERROR WalletOne\Classes\StandardsMethods\W1Settings Поле Идентификатор валюты по умолчанию не должно быть пустым.
2017-12-16T22:06:52+00:00 ERROR WalletOne\Classes\StandardsMethods\W1Settings Поле Индентификатор (номер кассы) не должно быть пустым.
2017-12-16T22:06:52+00:00 ERROR WalletOne\Classes\StandardsMethods\W1Settings Поле Ключ (ЭЦП) интернет-магазина не должно быть пустым.
2017-12-16T22:07:05+00:00 ERROR WalletOne\Classes\StandardsMethods\W1Settings Поле Индентификатор (номер кассы) не должно быть пустым.
2017-12-16T22:07:05+00:00 ERROR WalletOne\Classes\StandardsMethods\W1Settings Поле Ключ (ЭЦП) интернет-магазина не должно быть пустым.
2017-12-16T22:07:15+00:00 ERROR WalletOne\Classes\StandardsMethods\W1Settings Поле Индентификатор (номер кассы) не должно быть пустым.
2017-12-16T22:07:15+00:00 ERROR WalletOne\Classes\StandardsMethods\W1Settings Поле Ключ (ЭЦП) интернет-магазина не должно быть пустым.
2017-12-16T22:08:03+00:00 ERROR WalletOne\Classes\StandardsMethods\W1Settings Поле Индентификатор (номер кассы) не должно быть пустым.
2017-12-16T22:08:03+00:00 ERROR WalletOne\Classes\StandardsMethods\W1Settings Поле Ключ (ЭЦП) интернет-магазина не должно быть пустым.
2017-12-16T22:08:03+00:00 ERROR WalletOne\Classes\StandardsMethods\W1Settings Поле Индентификатор (номер кассы) не должно быть пустым.
2017-12-16T22:08:03+00:00 ERROR WalletOne\Classes\StandardsMethods\W1Settings Поле Ключ (ЭЦП) интернет-магазина не должно быть пустым.
2017-12-16T22:08:12+00:00 ERROR WalletOne\Classes\StandardsMethods\W1Settings Поле Индентификатор (номер кассы) не должно быть пустым.
2017-12-16T22:08:12+00:00 ERROR WalletOne\Classes\StandardsMethods\W1Settings Поле Ключ (ЭЦП) интернет-магазина не должно быть пустым.
2017-12-16T22:08:18+00:00 ERROR WalletOne\Classes\StandardsMethods\W1Settings Поле Индентификатор (номер кассы) не должно быть пустым.
2017-12-16T22:08:18+00:00 ERROR WalletOne\Classes\StandardsMethods\W1Settings Поле Ключ (ЭЦП) интернет-магазина не должно быть пустым.
2017-12-16T22:08:54+00:00 ERROR WalletOne\Classes\StandardsMethods\W1Settings Поле Индентификатор (номер кассы) не должно быть пустым.
2017-12-16T22:08:54+00:00 ERROR WalletOne\Classes\StandardsMethods\W1Settings Поле Ключ (ЭЦП) интернет-магазина не должно быть пустым.
2017-12-16T22:08:54+00:00 ERROR WalletOne\Classes\StandardsMethods\W1Settings Поле Индентификатор (номер кассы) не должно быть пустым.
2017-12-16T22:08:54+00:00 ERROR WalletOne\Classes\StandardsMethods\W1Settings Поле Ключ (ЭЦП) интернет-магазина не должно быть пустым.
2017-12-17T07:20:40+00:00 ERROR WalletOne\Classes\StandardsMethods\W1Settings Поле Индентификатор (номер кассы) не должно быть пустым.
2017-12-17T07:20:40+00:00 ERROR WalletOne\Classes\StandardsMethods\W1Settings Поле Ключ (ЭЦП) интернет-магазина не должно быть пустым.
2017-12-17T07:20:43+00:00 ERROR WalletOne\Classes\StandardsMethods\W1Settings Поле Индентификатор (номер кассы) не должно быть пустым.
2017-12-17T07:20:43+00:00 ERROR WalletOne\Classes\StandardsMethods\W1Settings Поле Ключ (ЭЦП) интернет-магазина не должно быть пустым.
2017-12-17T07:20:52+00:00 ERROR WalletOne\Classes\StandardsMethods\W1Settings Поле Индентификатор (номер кассы) не должно быть пустым.
2017-12-17T07:20:52+00:00 ERROR WalletOne\Classes\StandardsMethods\W1Settings Поле Ключ (ЭЦП) интернет-магазина не должно быть пустым.
2017-12-17T07:21:45+00:00 ERROR WalletOne\Classes\StandardsMethods\W1Settings Поле Индентификатор (номер кассы) не должно быть пустым.
2017-12-17T07:21:45+00:00 ERROR WalletOne\Classes\StandardsMethods\W1Settings Поле Ключ (ЭЦП) интернет-магазина не должно быть пустым.
2017-12-17T07:21:52+00:00 ERROR WalletOne\Classes\StandardsMethods\W1Settings Поле Индентификатор (номер кассы) не должно быть пустым.
2017-12-17T07:21:52+00:00 ERROR WalletOne\Classes\StandardsMethods\W1Settings Поле Ключ (ЭЦП) интернет-магазина не должно быть пустым.
2017-12-17T07:24:08+00:00 ERROR WalletOne\Classes\StandardsMethods\W1Settings Поле Индентификатор (номер кассы) не должно быть пустым.
2017-12-17T07:24:08+00:00 ERROR WalletOne\Classes\StandardsMethods\W1Settings Поле Ключ (ЭЦП) интернет-магазина не должно быть пустым.
2017-12-17T07:24:50+00:00 ERROR WalletOne\Classes\StandardsMethods\W1Settings Поле Индентификатор (номер кассы) не должно быть пустым.
2017-12-17T07:24:50+00:00 ERROR WalletOne\Classes\StandardsMethods\W1Settings Поле Ключ (ЭЦП) интернет-магазина не должно быть пустым.
2017-12-17T07:25:21+00:00 ERROR WalletOne\Classes\StandardsMethods\W1Settings Поле Индентификатор (номер кассы) не должно быть пустым.
2017-12-17T07:25:21+00:00 ERROR WalletOne\Classes\StandardsMethods\W1Settings Поле Ключ (ЭЦП) интернет-магазина не должно быть пустым.
2017-12-17T07:25:27+00:00 ERROR WalletOne\Classes\StandardsMethods\W1Settings Поле Индентификатор (номер кассы) не должно быть пустым.
2017-12-17T07:25:27+00:00 ERROR WalletOne\Classes\StandardsMethods\W1Settings Поле Ключ (ЭЦП) интернет-магазина не должно быть пустым.
2017-12-17T08:16:51+00:00 ERROR WalletOne\Classes\StandardsMethods\W1Settings Поле Индентификатор (номер кассы) не должно быть пустым.
2017-12-17T08:16:51+00:00 ERROR WalletOne\Classes\StandardsMethods\W1Settings Поле Ключ (ЭЦП) интернет-магазина не должно быть пустым.
2017-12-17T08:17:02+00:00 ERROR WalletOne\Classes\StandardsMethods\W1Settings Поле Индентификатор (номер кассы) не должно быть пустым.
2017-12-17T08:17:02+00:00 ERROR WalletOne\Classes\StandardsMethods\W1Settings Поле Ключ (ЭЦП) интернет-магазина не должно быть пустым.
2017-12-17T08:17:29+00:00 ERROR WalletOne\Classes\StandardsMethods\W1Settings Поле Индентификатор (номер кассы) не должно быть пустым.
2017-12-17T08:17:29+00:00 ERROR WalletOne\Classes\StandardsMethods\W1Settings Поле Ключ (ЭЦП) интернет-магазина не должно быть пустым.
2017-12-17T08:20:21+00:00 ERROR WalletOne\Classes\StandardsMethods\W1Settings Поле Индентификатор (номер кассы) не должно быть пустым.
2017-12-17T08:20:21+00:00 ERROR WalletOne\Classes\StandardsMethods\W1Settings Поле Ключ (ЭЦП) интернет-магазина не должно быть пустым.
2017-12-17T08:20:31+00:00 ERROR WalletOne\Classes\StandardsMethods\W1Settings Поле Индентификатор (номер кассы) не должно быть пустым.
2017-12-17T08:20:31+00:00 ERROR WalletOne\Classes\StandardsMethods\W1Settings Поле Ключ (ЭЦП) интернет-магазина не должно быть пустым.
2017-12-17T08:21:06+00:00 ERROR WalletOne\Classes\StandardsMethods\W1Settings Поле Индентификатор (номер кассы) не должно быть пустым.
2017-12-17T08:21:06+00:00 ERROR WalletOne\Classes\StandardsMethods\W1Settings Поле Ключ (ЭЦП) интернет-магазина не должно быть пустым.
2017-12-17T08:21:09+00:00 ERROR WalletOne\Classes\StandardsMethods\W1Settings Поле Индентификатор (номер кассы) не должно быть пустым.
2017-12-17T08:21:09+00:00 ERROR WalletOne\Classes\StandardsMethods\W1Settings Поле Ключ (ЭЦП) интернет-магазина не должно быть пустым.
2017-12-17T08:21:11+00:00 ERROR WalletOne\Classes\StandardsMethods\W1Settings Поле Индентификатор (номер кассы) не должно быть пустым.
2017-12-17T08:21:11+00:00 ERROR WalletOne\Classes\StandardsMethods\W1Settings Поле Ключ (ЭЦП) интернет-магазина не должно быть пустым.
2017-12-17T08:21:20+00:00 ERROR WalletOne\Classes\StandardsMethods\W1Settings Поле Индентификатор (номер кассы) не должно быть пустым.
2017-12-17T08:21:20+00:00 ERROR WalletOne\Classes\StandardsMethods\W1Settings Поле Ключ (ЭЦП) интернет-магазина не должно быть пустым.
2017-12-17T08:21:44+00:00 ERROR WalletOne\Classes\StandardsMethods\W1Settings Поле Индентификатор (номер кассы) не должно быть пустым.
2017-12-17T08:21:44+00:00 ERROR WalletOne\Classes\StandardsMethods\W1Settings Поле Ключ (ЭЦП) интернет-магазина не должно быть пустым.
2017-12-17T08:38:43+00:00 ERROR WalletOne\Classes\StandardsMethods\W1Settings Поле Индентификатор (номер кассы) не должно быть пустым.
2017-12-17T08:38:43+00:00 ERROR WalletOne\Classes\StandardsMethods\W1Settings Поле Ключ (ЭЦП) интернет-магазина не должно быть пустым.
2017-12-17T08:38:52+00:00 ERROR WalletOne\Classes\StandardsMethods\W1Settings Поле Индентификатор (номер кассы) не должно быть пустым.
2017-12-17T08:38:52+00:00 ERROR WalletOne\Classes\StandardsMethods\W1Settings Поле Ключ (ЭЦП) интернет-магазина не должно быть пустым.
2017-12-17T08:39:09+00:00 ERROR WalletOne\Classes\StandardsMethods\W1Settings Поле Индентификатор (номер кассы) не должно быть пустым.
2017-12-17T08:39:09+00:00 ERROR WalletOne\Classes\StandardsMethods\W1Settings Поле Ключ (ЭЦП) интернет-магазина не должно быть пустым.
2017-12-17T08:46:37+00:00 ERROR WalletOne\Classes\StandardsMethods\W1Settings Поле Индентификатор (номер кассы) не должно быть пустым.
2017-12-17T08:46:37+00:00 ERROR WalletOne\Classes\StandardsMethods\W1Settings Поле Ключ (ЭЦП) интернет-магазина не должно быть пустым.
2017-12-17T08:46:44+00:00 ERROR WalletOne\Classes\StandardsMethods\W1Settings Поле Индентификатор (номер кассы) не должно быть пустым.
2017-12-17T08:46:44+00:00 ERROR WalletOne\Classes\StandardsMethods\W1Settings Поле Ключ (ЭЦП) интернет-магазина не должно быть пустым.
2017-12-17T08:47:47+00:00 ERROR WalletOne\Classes\StandardsMethods\W1Settings Поле Индентификатор (номер кассы) не должно быть пустым.
2017-12-17T08:47:47+00:00 ERROR WalletOne\Classes\StandardsMethods\W1Settings Поле Ключ (ЭЦП) интернет-магазина не должно быть пустым.
2017-12-17T08:47:57+00:00 ERROR WalletOne\Classes\StandardsMethods\W1Settings Поле Индентификатор (номер кассы) не должно быть пустым.
2017-12-17T08:47:57+00:00 ERROR WalletOne\Classes\StandardsMethods\W1Settings Поле Ключ (ЭЦП) интернет-магазина не должно быть пустым.
2017-12-17T09:24:57+00:00 ERROR WalletOne\Classes\StandardsMethods\W1Settings Поле Индентификатор (номер кассы) не должно быть пустым.
2017-12-17T09:24:57+00:00 ERROR WalletOne\Classes\StandardsMethods\W1Settings Поле Ключ (ЭЦП) интернет-магазина не должно быть пустым.
2017-12-17T09:25:15+00:00 ERROR WalletOne\Classes\StandardsMethods\W1Settings Поле Индентификатор (номер кассы) не должно быть пустым.
2017-12-17T09:25:15+00:00 ERROR WalletOne\Classes\StandardsMethods\W1Settings Поле Ключ (ЭЦП) интернет-магазина не должно быть пустым.
2017-12-17T09:25:26+00:00 ERROR WalletOne\Classes\StandardsMethods\W1Settings Поле Индентификатор (номер кассы) не должно быть пустым.
2017-12-17T09:25:26+00:00 ERROR WalletOne\Classes\StandardsMethods\W1Settings Поле Ключ (ЭЦП) интернет-магазина не должно быть пустым.
2017-12-17T09:26:37+00:00 ERROR WalletOne\Classes\StandardsMethods\W1Settings Поле Индентификатор (номер кассы) не должно быть пустым.
2017-12-17T09:26:37+00:00 ERROR WalletOne\Classes\StandardsMethods\W1Settings Поле Ключ (ЭЦП) интернет-магазина не должно быть пустым.
2017-12-17T09:29:30+00:00 ERROR WalletOne\Classes\StandardsMethods\W1Settings Поле Индентификатор (номер кассы) не должно быть пустым.
2017-12-17T09:29:31+00:00 ERROR WalletOne\Classes\StandardsMethods\W1Settings Поле Ключ (ЭЦП) интернет-магазина не должно быть пустым.
2017-12-17T09:29:39+00:00 ERROR WalletOne\Classes\StandardsMethods\W1Settings Поле Индентификатор (номер кассы) не должно быть пустым.
2017-12-17T09:29:39+00:00 ERROR WalletOne\Classes\StandardsMethods\W1Settings Поле Ключ (ЭЦП) интернет-магазина не должно быть пустым.
2017-12-17T09:42:42+00:00 ERROR WalletOne\Classes\StandardsMethods\W1Settings Поле Индентификатор (номер кассы) не должно быть пустым.
2017-12-17T09:42:42+00:00 ERROR WalletOne\Classes\StandardsMethods\W1Settings Поле Ключ (ЭЦП) интернет-магазина не должно быть пустым.
2017-12-17T09:42:49+00:00 ERROR WalletOne\Classes\StandardsMethods\W1Settings Поле Индентификатор (номер кассы) не должно быть пустым.
2017-12-17T09:42:49+00:00 ERROR WalletOne\Classes\StandardsMethods\W1Settings Поле Ключ (ЭЦП) интернет-магазина не должно быть пустым.
2017-12-17T09:43:45+00:00 ERROR WalletOne\Classes\StandardsMethods\W1Settings Поле Индентификатор (номер кассы) не должно быть пустым.
2017-12-17T09:43:45+00:00 ERROR WalletOne\Classes\StandardsMethods\W1Settings Поле Ключ (ЭЦП) интернет-магазина не должно быть пустым.
2017-12-17T09:43:56+00:00 ERROR WalletOne\Classes\StandardsMethods\W1Settings Поле Индентификатор (номер кассы) не должно быть пустым.
2017-12-17T09:43:56+00:00 ERROR WalletOne\Classes\StandardsMethods\W1Settings Поле Ключ (ЭЦП) интернет-магазина не должно быть пустым.
2017-12-17T09:44:07+00:00 ERROR WalletOne\Classes\StandardsMethods\W1Settings Поле Индентификатор (номер кассы) не должно быть пустым.
2017-12-17T09:44:07+00:00 ERROR WalletOne\Classes\StandardsMethods\W1Settings Поле Ключ (ЭЦП) интернет-магазина не должно быть пустым.
2017-12-17T09:44:22+00:00 ERROR WalletOne\Classes\StandardsMethods\W1Settings Поле Индентификатор (номер кассы) не должно быть пустым.
2017-12-17T09:44:22+00:00 ERROR WalletOne\Classes\StandardsMethods\W1Settings Поле Ключ (ЭЦП) интернет-магазина не должно быть пустым.
2017-12-17T09:44:24+00:00 ERROR WalletOne\Classes\StandardsMethods\W1Settings Поле Индентификатор (номер кассы) не должно быть пустым.
2017-12-17T09:44:24+00:00 ERROR WalletOne\Classes\StandardsMethods\W1Settings Поле Ключ (ЭЦП) интернет-магазина не должно быть пустым.
2017-12-17T09:44:33+00:00 ERROR WalletOne\Classes\StandardsMethods\W1Settings Поле Индентификатор (номер кассы) не должно быть пустым.
2017-12-17T09:44:33+00:00 ERROR WalletOne\Classes\StandardsMethods\W1Settings Поле Ключ (ЭЦП) интернет-магазина не должно быть пустым.
2017-12-17T09:45:04+00:00 ERROR WalletOne\Classes\StandardsMethods\W1Settings Поле Индентификатор (номер кассы) не должно быть пустым.
2017-12-17T09:45:04+00:00 ERROR WalletOne\Classes\StandardsMethods\W1Settings Поле Ключ (ЭЦП) интернет-магазина не должно быть пустым.
2017-12-17T09:45:12+00:00 ERROR WalletOne\Classes\StandardsMethods\W1Settings Поле Индентификатор (номер кассы) не должно быть пустым.
2017-12-17T09:45:12+00:00 ERROR WalletOne\Classes\StandardsMethods\W1Settings Поле Ключ (ЭЦП) интернет-магазина не должно быть пустым.
2017-12-17T09:45:38+00:00 ERROR WalletOne\Classes\StandardsMethods\W1Settings Поле Индентификатор (номер кассы) не должно быть пустым.
2017-12-17T09:45:38+00:00 ERROR WalletOne\Classes\StandardsMethods\W1Settings Поле Ключ (ЭЦП) интернет-магазина не должно быть пустым.
2017-12-17T09:45:45+00:00 ERROR WalletOne\Classes\StandardsMethods\W1Settings Поле Индентификатор (номер кассы) не должно быть пустым.
2017-12-17T09:45:45+00:00 ERROR WalletOne\Classes\StandardsMethods\W1Settings Поле Ключ (ЭЦП) интернет-магазина не должно быть пустым.
2017-12-17T09:46:04+00:00 ERROR WalletOne\Classes\StandardsMethods\W1Settings Поле Индентификатор (номер кассы) не должно быть пустым.
2017-12-17T09:46:04+00:00 ERROR WalletOne\Classes\StandardsMethods\W1Settings Поле Ключ (ЭЦП) интернет-магазина не должно быть пустым.
2017-12-17T09:47:44+00:00 ERROR WalletOne\Classes\StandardsMethods\W1Settings Поле Индентификатор (номер кассы) не должно быть пустым.
2017-12-17T09:47:44+00:00 ERROR WalletOne\Classes\StandardsMethods\W1Settings Поле Ключ (ЭЦП) интернет-магазина не должно быть пустым.
2017-12-17T09:47:52+00:00 ERROR WalletOne\Classes\StandardsMethods\W1Settings Поле Индентификатор (номер кассы) не должно быть пустым.
2017-12-17T09:47:52+00:00 ERROR WalletOne\Classes\StandardsMethods\W1Settings Поле Ключ (ЭЦП) интернет-магазина не должно быть пустым.
2017-12-17T09:48:13+00:00 ERROR WalletOne\Classes\StandardsMethods\W1Settings Поле Индентификатор (номер кассы) не должно быть пустым.
2017-12-17T09:48:13+00:00 ERROR WalletOne\Classes\StandardsMethods\W1Settings Поле Ключ (ЭЦП) интернет-магазина не должно быть пустым.
2017-12-17T09:48:28+00:00 ERROR WalletOne\Classes\StandardsMethods\W1Settings Поле Индентификатор (номер кассы) не должно быть пустым.
2017-12-17T09:48:28+00:00 ERROR WalletOne\Classes\StandardsMethods\W1Settings Поле Ключ (ЭЦП) интернет-магазина не должно быть пустым.
2017-12-17T09:48:36+00:00 ERROR WalletOne\Classes\StandardsMethods\W1Settings Поле Индентификатор (номер кассы) не должно быть пустым.
2017-12-17T09:48:36+00:00 ERROR WalletOne\Classes\StandardsMethods\W1Settings Поле Ключ (ЭЦП) интернет-магазина не должно быть пустым.
2017-12-17T15:09:58+00:00 ERROR WalletOne\Classes\StandardsMethods\W1Settings Поле Индентификатор (номер кассы) не должно быть пустым.
2017-12-17T15:09:58+00:00 ERROR WalletOne\Classes\StandardsMethods\W1Settings Поле Ключ (ЭЦП) интернет-магазина не должно быть пустым.
2017-12-17T20:24:48+00:00 ERROR WalletOne\Classes\StandardsMethods\W1Settings Поле Индентификатор (номер кассы) не должно быть пустым.
2017-12-17T20:24:48+00:00 ERROR WalletOne\Classes\StandardsMethods\W1Settings Поле Ключ (ЭЦП) интернет-магазина не должно быть пустым.
2017-12-17T20:24:53+00:00 ERROR WalletOne\Classes\StandardsMethods\W1Settings Поле Индентификатор (номер кассы) не должно быть пустым.
2017-12-17T20:24:53+00:00 ERROR WalletOne\Classes\StandardsMethods\W1Settings Поле Ключ (ЭЦП) интернет-магазина не должно быть пустым.
2017-12-17T20:31:33+00:00 ERROR WalletOne\Classes\StandardsMethods\W1Settings Поле Индентификатор (номер кассы) не должно быть пустым.
2017-12-17T20:31:33+00:00 ERROR WalletOne\Classes\StandardsMethods\W1Settings Поле Ключ (ЭЦП) интернет-магазина не должно быть пустым.
2017-12-17T20:31:38+00:00 ERROR WalletOne\Classes\StandardsMethods\W1Settings Поле Индентификатор (номер кассы) не должно быть пустым.
2017-12-17T20:31:38+00:00 ERROR WalletOne\Classes\StandardsMethods\W1Settings Поле Ключ (ЭЦП) интернет-магазина не должно быть пустым.
2017-12-17T20:51:55+00:00 ERROR WalletOne\Classes\StandardsMethods\W1Settings Поле Индентификатор (номер кассы) не должно быть пустым.
2017-12-17T20:51:55+00:00 ERROR WalletOne\Classes\StandardsMethods\W1Settings Поле Ключ (ЭЦП) интернет-магазина не должно быть пустым.
2017-12-17T20:51:59+00:00 ERROR WalletOne\Classes\StandardsMethods\W1Settings Поле Индентификатор (номер кассы) не должно быть пустым.
2017-12-17T20:51:59+00:00 ERROR WalletOne\Classes\StandardsMethods\W1Settings Поле Ключ (ЭЦП) интернет-магазина не должно быть пустым.
2017-12-17T21:00:18+00:00 ERROR WalletOne\Classes\StandardsMethods\W1Settings Поле Индентификатор (номер кассы) не должно быть пустым.
2017-12-17T21:00:18+00:00 ERROR WalletOne\Classes\StandardsMethods\W1Settings Поле Ключ (ЭЦП) интернет-магазина не должно быть пустым.
2017-12-17T21:00:27+00:00 ERROR WalletOne\Classes\StandardsMethods\W1Settings Поле Индентификатор (номер кассы) не должно быть пустым.
2017-12-17T21:00:27+00:00 ERROR WalletOne\Classes\StandardsMethods\W1Settings Поле Ключ (ЭЦП) интернет-магазина не должно быть пустым.
2017-12-17T21:01:48+00:00 ERROR WalletOne\Classes\StandardsMethods\W1Settings Поле Индентификатор (номер кассы) не должно быть пустым.
2017-12-17T21:01:48+00:00 ERROR WalletOne\Classes\StandardsMethods\W1Settings Поле Ключ (ЭЦП) интернет-магазина не должно быть пустым.
2017-12-17T21:04:52+00:00 ERROR WalletOne\Classes\StandardsMethods\W1Settings Поле Индентификатор (номер кассы) не должно быть пустым.
2017-12-17T21:04:52+00:00 ERROR WalletOne\Classes\StandardsMethods\W1Settings Поле Ключ (ЭЦП) интернет-магазина не должно быть пустым.
2017-12-17T21:04:56+00:00 ERROR WalletOne\Classes\StandardsMethods\W1Settings Поле Индентификатор (номер кассы) не должно быть пустым.
2017-12-17T21:04:56+00:00 ERROR WalletOne\Classes\StandardsMethods\W1Settings Поле Ключ (ЭЦП) интернет-магазина не должно быть пустым.
2017-12-17T21:05:26+00:00 ERROR WalletOne\Classes\StandardsMethods\W1Settings Поле Индентификатор (номер кассы) не должно быть пустым.
2017-12-17T21:05:26+00:00 ERROR WalletOne\Classes\StandardsMethods\W1Settings Поле Ключ (ЭЦП) интернет-магазина не должно быть пустым.
2017-12-17T21:05:31+00:00 ERROR WalletOne\Classes\StandardsMethods\W1Settings Поле Индентификатор (номер кассы) не должно быть пустым.
2017-12-17T21:05:31+00:00 ERROR WalletOne\Classes\StandardsMethods\W1Settings Поле Ключ (ЭЦП) интернет-магазина не должно быть пустым.
2017-12-17T21:05:42+00:00 ERROR WalletOne\Classes\StandardsMethods\W1Settings Поле Индентификатор (номер кассы) не должно быть пустым.
2017-12-17T21:05:42+00:00 ERROR WalletOne\Classes\StandardsMethods\W1Settings Поле Ключ (ЭЦП) интернет-магазина не должно быть пустым.
2017-12-17T21:05:46+00:00 ERROR WalletOne\Classes\StandardsMethods\W1Settings Поле Индентификатор (номер кассы) не должно быть пустым.
2017-12-17T21:05:46+00:00 ERROR WalletOne\Classes\StandardsMethods\W1Settings Поле Ключ (ЭЦП) интернет-магазина не должно быть пустым.
2017-12-17T21:05:52+00:00 ERROR WalletOne\Classes\StandardsMethods\W1Settings Поле Индентификатор (номер кассы) не должно быть пустым.
2017-12-17T21:05:52+00:00 ERROR WalletOne\Classes\StandardsMethods\W1Settings Поле Ключ (ЭЦП) интернет-магазина не должно быть пустым.
2017-12-17T21:06:03+00:00 ERROR WalletOne\Classes\StandardsMethods\W1Settings Поле Индентификатор (номер кассы) не должно быть пустым.
2017-12-17T21:06:03+00:00 ERROR WalletOne\Classes\StandardsMethods\W1Settings Поле Ключ (ЭЦП) интернет-магазина не должно быть пустым.
2017-12-17T21:55:51+00:00 ERROR WalletOne\Classes\StandardsMethods\W1Settings Поле Индентификатор (номер кассы) не должно быть пустым.
2017-12-17T21:55:51+00:00 ERROR WalletOne\Classes\StandardsMethods\W1Settings Поле Ключ (ЭЦП) интернет-магазина не должно быть пустым.
2017-12-17T21:55:57+00:00 ERROR WalletOne\Classes\StandardsMethods\W1Settings Поле Индентификатор (номер кассы) не должно быть пустым.
2017-12-17T21:55:57+00:00 ERROR WalletOne\Classes\StandardsMethods\W1Settings Поле Ключ (ЭЦП) интернет-магазина не должно быть пустым.
2017-12-17T21:56:38+00:00 ERROR WalletOne\Classes\StandardsMethods\W1Settings Поле Индентификатор (номер кассы) не должно быть пустым.
2017-12-17T21:56:38+00:00 ERROR WalletOne\Classes\StandardsMethods\W1Settings Поле Ключ (ЭЦП) интернет-магазина не должно быть пустым.
2017-12-17T21:56:43+00:00 ERROR WalletOne\Classes\StandardsMethods\W1Settings Поле Индентификатор (номер кассы) не должно быть пустым.
2017-12-17T21:56:43+00:00 ERROR WalletOne\Classes\StandardsMethods\W1Settings Поле Ключ (ЭЦП) интернет-магазина не должно быть пустым.
2017-12-17T22:03:41+00:00 ERROR WalletOne\Classes\StandardsMethods\W1Settings Поле Индентификатор (номер кассы) не должно быть пустым.
2017-12-17T22:03:41+00:00 ERROR WalletOne\Classes\StandardsMethods\W1Settings Поле Ключ (ЭЦП) интернет-магазина не должно быть пустым.
2017-12-17T22:03:50+00:00 ERROR WalletOne\Classes\StandardsMethods\W1Settings Поле Индентификатор (номер кассы) не должно быть пустым.
2017-12-17T22:03:50+00:00 ERROR WalletOne\Classes\StandardsMethods\W1Settings Поле Ключ (ЭЦП) интернет-магазина не должно быть пустым.
2017-12-17T22:13:58+00:00 ERROR WalletOne\Classes\StandardsMethods\W1Settings Поле Индентификатор (номер кассы) не должно быть пустым.
2017-12-17T22:13:58+00:00 ERROR WalletOne\Classes\StandardsMethods\W1Settings Поле Ключ (ЭЦП) интернет-магазина не должно быть пустым.
2017-12-17T22:14:08+00:00 ERROR WalletOne\Classes\StandardsMethods\W1Settings Поле Индентификатор (номер кассы) не должно быть пустым.
2017-12-17T22:14:08+00:00 ERROR WalletOne\Classes\StandardsMethods\W1Settings Поле Ключ (ЭЦП) интернет-магазина не должно быть пустым.
2017-12-17T22:14:53+00:00 ERROR WalletOne\Classes\StandardsMethods\W1Settings Поле Индентификатор (номер кассы) не должно быть пустым.
2017-12-17T22:14:53+00:00 ERROR WalletOne\Classes\StandardsMethods\W1Settings Поле Ключ (ЭЦП) интернет-магазина не должно быть пустым.
2017-12-17T22:15:01+00:00 ERROR WalletOne\Classes\StandardsMethods\W1Settings Поле Индентификатор (номер кассы) не должно быть пустым.
2017-12-17T22:15:01+00:00 ERROR WalletOne\Classes\StandardsMethods\W1Settings Поле Ключ (ЭЦП) интернет-магазина не должно быть пустым.
2017-12-17T22:15:25+00:00 ERROR WalletOne\Classes\StandardsMethods\W1Settings Поле Индентификатор (номер кассы) не должно быть пустым.
2017-12-17T22:15:25+00:00 ERROR WalletOne\Classes\StandardsMethods\W1Settings Поле Ключ (ЭЦП) интернет-магазина не должно быть пустым.
2017-12-17T22:15:35+00:00 ERROR WalletOne\Classes\StandardsMethods\W1Settings Поле Индентификатор (номер кассы) не должно быть пустым.
2017-12-17T22:15:35+00:00 ERROR WalletOne\Classes\StandardsMethods\W1Settings Поле Ключ (ЭЦП) интернет-магазина не должно быть пустым.
2017-12-17T22:18:03+00:00 ERROR WalletOne\Classes\StandardsMethods\W1Settings Поле Индентификатор (номер кассы) не должно быть пустым.
2017-12-17T22:18:03+00:00 ERROR WalletOne\Classes\StandardsMethods\W1Settings Поле Ключ (ЭЦП) интернет-магазина не должно быть пустым.
2017-12-17T22:18:12+00:00 ERROR WalletOne\Classes\StandardsMethods\W1Settings Поле Индентификатор (номер кассы) не должно быть пустым.
2017-12-17T22:18:12+00:00 ERROR WalletOne\Classes\StandardsMethods\W1Settings Поле Ключ (ЭЦП) интернет-магазина не должно быть пустым.
2017-12-17T22:28:36+00:00 ERROR WalletOne\Classes\StandardsMethods\W1Settings Поле Индентификатор (номер кассы) не должно быть пустым.
2017-12-17T22:28:36+00:00 ERROR WalletOne\Classes\StandardsMethods\W1Settings Поле Ключ (ЭЦП) интернет-магазина не должно быть пустым.
2017-12-17T22:28:45+00:00 ERROR WalletOne\Classes\StandardsMethods\W1Settings Поле Индентификатор (номер кассы) не должно быть пустым.
2017-12-17T22:28:45+00:00 ERROR WalletOne\Classes\StandardsMethods\W1Settings Поле Ключ (ЭЦП) интернет-магазина не должно быть пустым.
2017-12-17T22:43:05+00:00 ERROR WalletOne\Classes\StandardsMethods\W1Settings Поле Индентификатор (номер кассы) не должно быть пустым.
2017-12-17T22:43:05+00:00 ERROR WalletOne\Classes\StandardsMethods\W1Settings Поле Ключ (ЭЦП) интернет-магазина не должно быть пустым.
2017-12-17T22:43:09+00:00 ERROR WalletOne\Classes\StandardsMethods\W1Settings Поле Индентификатор (номер кассы) не должно быть пустым.
2017-12-17T22:43:09+00:00 ERROR WalletOne\Classes\StandardsMethods\W1Settings Поле Ключ (ЭЦП) интернет-магазина не должно быть пустым.
2017-12-17T22:52:58+00:00 ERROR WalletOne\Classes\StandardsMethods\W1Settings Поле Индентификатор (номер кассы) не должно быть пустым.
2017-12-17T22:52:58+00:00 ERROR WalletOne\Classes\StandardsMethods\W1Settings Поле Ключ (ЭЦП) интернет-магазина не должно быть пустым.
2017-12-17T22:53:12+00:00 ERROR WalletOne\Classes\StandardsMethods\W1Settings Поле Индентификатор (номер кассы) не должно быть пустым.
2017-12-17T22:53:12+00:00 ERROR WalletOne\Classes\StandardsMethods\W1Settings Поле Ключ (ЭЦП) интернет-магазина не должно быть пустым.
2017-12-17T22:53:40+00:00 ERROR WalletOne\Classes\StandardsMethods\W1Settings Поле Индентификатор (номер кассы) не должно быть пустым.
2017-12-17T22:53:40+00:00 ERROR WalletOne\Classes\StandardsMethods\W1Settings Поле Ключ (ЭЦП) интернет-магазина не должно быть пустым.
2017-12-17T22:54:05+00:00 ERROR WalletOne\Classes\StandardsMethods\W1Settings Поле Индентификатор (номер кассы) не должно быть пустым.
2017-12-17T22:54:05+00:00 ERROR WalletOne\Classes\StandardsMethods\W1Settings Поле Ключ (ЭЦП) интернет-магазина не должно быть пустым.
2017-12-17T22:54:15+00:00 ERROR WalletOne\Classes\StandardsMethods\W1Settings Поле Индентификатор (номер кассы) не должно быть пустым.
2017-12-17T22:54:15+00:00 ERROR WalletOne\Classes\StandardsMethods\W1Settings Поле Ключ (ЭЦП) интернет-магазина не должно быть пустым.
2017-12-17T22:54:21+00:00 ERROR WalletOne\Classes\StandardsMethods\W1Settings Поле Индентификатор (номер кассы) не должно быть пустым.
2017-12-17T22:54:21+00:00 ERROR WalletOne\Classes\StandardsMethods\W1Settings Поле Ключ (ЭЦП) интернет-магазина не должно быть пустым.
2017-12-17T22:54:43+00:00 ERROR WalletOne\Classes\StandardsMethods\W1Settings Поле Индентификатор (номер кассы) не должно быть пустым.
2017-12-17T22:54:43+00:00 ERROR WalletOne\Classes\StandardsMethods\W1Settings Поле Ключ (ЭЦП) интернет-магазина не должно быть пустым.
2017-12-17T22:54:53+00:00 ERROR WalletOne\Classes\StandardsMethods\W1Settings Поле Индентификатор (номер кассы) не должно быть пустым.
2017-12-17T22:54:53+00:00 ERROR WalletOne\Classes\StandardsMethods\W1Settings Поле Ключ (ЭЦП) интернет-магазина не должно быть пустым.
2017-12-17T22:54:58+00:00 ERROR WalletOne\Classes\StandardsMethods\W1Settings Поле Индентификатор (номер кассы) не должно быть пустым.
2017-12-17T22:54:58+00:00 ERROR WalletOne\Classes\StandardsMethods\W1Settings Поле Ключ (ЭЦП) интернет-магазина не должно быть пустым.
2017-12-17T22:56:27+00:00 ERROR WalletOne\Classes\StandardsMethods\W1Settings Поле Индентификатор (номер кассы) не должно быть пустым.
2017-12-17T22:56:27+00:00 ERROR WalletOne\Classes\StandardsMethods\W1Settings Поле Ключ (ЭЦП) интернет-магазина не должно быть пустым.
2017-12-17T22:56:31+00:00 ERROR WalletOne\Classes\StandardsMethods\W1Settings Поле Индентификатор (номер кассы) не должно быть пустым.
2017-12-17T22:56:31+00:00 ERROR WalletOne\Classes\StandardsMethods\W1Settings Поле Ключ (ЭЦП) интернет-магазина не должно быть пустым.
2017-12-17T23:09:00+00:00 ERROR WalletOne\Classes\StandardsMethods\W1Settings Поле Индентификатор (номер кассы) не должно быть пустым.
2017-12-17T23:09:00+00:00 ERROR WalletOne\Classes\StandardsMethods\W1Settings Поле Ключ (ЭЦП) интернет-магазина не должно быть пустым.
2017-12-17T23:09:07+00:00 ERROR WalletOne\Classes\StandardsMethods\W1Settings Поле Индентификатор (номер кассы) не должно быть пустым.
2017-12-17T23:09:07+00:00 ERROR WalletOne\Classes\StandardsMethods\W1Settings Поле Ключ (ЭЦП) интернет-магазина не должно быть пустым.
2017-12-17T23:10:12+00:00 ERROR WalletOne\Classes\StandardsMethods\W1Settings Поле Индентификатор (номер кассы) не должно быть пустым.
2017-12-17T23:10:12+00:00 ERROR WalletOne\Classes\StandardsMethods\W1Settings Поле Ключ (ЭЦП) интернет-магазина не должно быть пустым.
2017-12-17T23:10:16+00:00 ERROR WalletOne\Classes\StandardsMethods\W1Settings Поле Индентификатор (номер кассы) не должно быть пустым.
2017-12-17T23:10:16+00:00 ERROR WalletOne\Classes\StandardsMethods\W1Settings Поле Ключ (ЭЦП) интернет-магазина не должно быть пустым.
2017-12-17T23:11:35+00:00 ERROR WalletOne\Classes\StandardsMethods\W1Settings Поле Индентификатор (номер кассы) не должно быть пустым.
2017-12-17T23:11:35+00:00 ERROR WalletOne\Classes\StandardsMethods\W1Settings Поле Ключ (ЭЦП) интернет-магазина не должно быть пустым.
2017-12-17T23:11:40+00:00 ERROR WalletOne\Classes\StandardsMethods\W1Settings Поле Индентификатор (номер кассы) не должно быть пустым.
2017-12-17T23:11:40+00:00 ERROR WalletOne\Classes\StandardsMethods\W1Settings Поле Ключ (ЭЦП) интернет-магазина не должно быть пустым.
2017-12-17T23:12:50+00:00 ERROR WalletOne\Classes\StandardsMethods\W1Settings Поле Индентификатор (номер кассы) не должно быть пустым.
2017-12-17T23:12:50+00:00 ERROR WalletOne\Classes\StandardsMethods\W1Settings Поле Ключ (ЭЦП) интернет-магазина не должно быть пустым.
2017-12-17T23:12:59+00:00 ERROR WalletOne\Classes\StandardsMethods\W1Settings Поле Индентификатор (номер кассы) не должно быть пустым.
2017-12-17T23:12:59+00:00 ERROR WalletOne\Classes\StandardsMethods\W1Settings Поле Ключ (ЭЦП) интернет-магазина не должно быть пустым.
2017-12-17T23:16:33+00:00 ERROR WalletOne\Classes\StandardsMethods\W1Settings Поле Индентификатор (номер кассы) не должно быть пустым.
2017-12-17T23:16:33+00:00 ERROR WalletOne\Classes\StandardsMethods\W1Settings Поле Ключ (ЭЦП) интернет-магазина не должно быть пустым.
2017-12-17T23:16:44+00:00 ERROR WalletOne\Classes\StandardsMethods\W1Settings Поле Индентификатор (номер кассы) не должно быть пустым.
2017-12-17T23:16:44+00:00 ERROR WalletOne\Classes\StandardsMethods\W1Settings Поле Ключ (ЭЦП) интернет-магазина не должно быть пустым.
2017-12-17T23:17:30+00:00 ERROR WalletOne\Classes\StandardsMethods\W1Settings Поле Индентификатор (номер кассы) не должно быть пустым.
2017-12-17T23:17:30+00:00 ERROR WalletOne\Classes\StandardsMethods\W1Settings Поле Ключ (ЭЦП) интернет-магазина не должно быть пустым.
2017-12-17T23:17:36+00:00 ERROR WalletOne\Classes\StandardsMethods\W1Settings Поле Индентификатор (номер кассы) не должно быть пустым.
2017-12-17T23:17:36+00:00 ERROR WalletOne\Classes\StandardsMethods\W1Settings Поле Ключ (ЭЦП) интернет-магазина не должно быть пустым.
2017-12-17T23:20:07+00:00 ERROR WalletOne\Classes\StandardsMethods\W1Settings Поле Индентификатор (номер кассы) не должно быть пустым.
2017-12-17T23:20:07+00:00 ERROR WalletOne\Classes\StandardsMethods\W1Settings Поле Ключ (ЭЦП) интернет-магазина не должно быть пустым.
2017-12-17T23:20:15+00:00 ERROR WalletOne\Classes\StandardsMethods\W1Settings Поле Индентификатор (номер кассы) не должно быть пустым.
2017-12-17T23:20:15+00:00 ERROR WalletOne\Classes\StandardsMethods\W1Settings Поле Ключ (ЭЦП) интернет-магазина не должно быть пустым.
2017-12-17T23:40:11+00:00 ERROR WalletOne\Classes\StandardsMethods\W1Settings Поле Индентификатор (номер кассы) не должно быть пустым.
2017-12-17T23:40:11+00:00 ERROR WalletOne\Classes\StandardsMethods\W1Settings Поле Ключ (ЭЦП) интернет-магазина не должно быть пустым.
2017-12-17T23:40:15+00:00 ERROR WalletOne\Classes\StandardsMethods\W1Settings Поле Индентификатор (номер кассы) не должно быть пустым.
2017-12-17T23:40:15+00:00 ERROR WalletOne\Classes\StandardsMethods\W1Settings Поле Ключ (ЭЦП) интернет-магазина не должно быть пустым.
2017-12-18T08:13:36+00:00 ERROR WalletOne\Classes\StandardsMethods\W1Settings Поле Индентификатор (номер кассы) не должно быть пустым.
2017-12-18T08:13:36+00:00 ERROR WalletOne\Classes\StandardsMethods\W1Settings Поле Ключ (ЭЦП) интернет-магазина не должно быть пустым.
2017-12-18T08:13:51+00:00 ERROR WalletOne\Classes\StandardsMethods\W1Settings Поле Индентификатор (номер кассы) не должно быть пустым.
2017-12-18T08:13:51+00:00 ERROR WalletOne\Classes\StandardsMethods\W1Settings Поле Ключ (ЭЦП) интернет-магазина не должно быть пустым.
2017-12-18T08:13:58+00:00 ERROR WalletOne\Classes\StandardsMethods\W1Settings Поле Индентификатор (номер кассы) не должно быть пустым.
2017-12-18T08:13:58+00:00 ERROR WalletOne\Classes\StandardsMethods\W1Settings Поле Ключ (ЭЦП) интернет-магазина не должно быть пустым.
2017-12-18T08:16:13+00:00 ERROR WalletOne\Classes\StandardsMethods\W1Settings Поле Индентификатор (номер кассы) не должно быть пустым.
2017-12-18T08:16:13+00:00 ERROR WalletOne\Classes\StandardsMethods\W1Settings Поле Ключ (ЭЦП) интернет-магазина не должно быть пустым.
2017-12-18T08:16:20+00:00 ERROR WalletOne\Classes\StandardsMethods\W1Settings Поле Индентификатор (номер кассы) не должно быть пустым.
2017-12-18T08:16:20+00:00 ERROR WalletOne\Classes\StandardsMethods\W1Settings Поле Ключ (ЭЦП) интернет-магазина не должно быть пустым.
2017-12-18T08:21:01+00:00 ERROR WalletOne\Classes\StandardsMethods\W1Settings Поле Индентификатор (номер кассы) не должно быть пустым.
2017-12-18T08:21:01+00:00 ERROR WalletOne\Classes\StandardsMethods\W1Settings Поле Ключ (ЭЦП) интернет-магазина не должно быть пустым.
2017-12-18T08:21:06+00:00 ERROR WalletOne\Classes\StandardsMethods\W1Settings Поле Индентификатор (номер кассы) не должно быть пустым.
2017-12-18T08:21:06+00:00 ERROR WalletOne\Classes\StandardsMethods\W1Settings Поле Ключ (ЭЦП) интернет-магазина не должно быть пустым.
2017-12-18T08:24:25+00:00 ERROR WalletOne\Classes\StandardsMethods\W1Settings Поле Индентификатор (номер кассы) не должно быть пустым.
2017-12-18T08:24:25+00:00 ERROR WalletOne\Classes\StandardsMethods\W1Settings Поле Ключ (ЭЦП) интернет-магазина не должно быть пустым.
2017-12-18T08:24:35+00:00 ERROR WalletOne\Classes\StandardsMethods\W1Settings Поле Индентификатор (номер кассы) не должно быть пустым.
2017-12-18T08:24:35+00:00 ERROR WalletOne\Classes\StandardsMethods\W1Settings Поле Ключ (ЭЦП) интернет-магазина не должно быть пустым.
2017-12-18T08:25:18+00:00 ERROR WalletOne\Classes\StandardsMethods\W1Settings Поле Индентификатор (номер кассы) не должно быть пустым.
2017-12-18T08:25:18+00:00 ERROR WalletOne\Classes\StandardsMethods\W1Settings Поле Ключ (ЭЦП) интернет-магазина не должно быть пустым.
2017-12-18T08:25:28+00:00 ERROR WalletOne\Classes\StandardsMethods\W1Settings Поле Индентификатор (номер кассы) не должно быть пустым.
2017-12-18T08:25:28+00:00 ERROR WalletOne\Classes\StandardsMethods\W1Settings Поле Ключ (ЭЦП) интернет-магазина не должно быть пустым.
2017-12-18T08:36:12+00:00 ERROR WalletOne\Classes\StandardsMethods\W1Settings Поле Индентификатор (номер кассы) не должно быть пустым.
2017-12-18T08:36:12+00:00 ERROR WalletOne\Classes\StandardsMethods\W1Settings Поле Ключ (ЭЦП) интернет-магазина не должно быть пустым.
2017-12-18T08:36:29+00:00 ERROR WalletOne\Classes\StandardsMethods\W1Settings Поле Индентификатор (номер кассы) не должно быть пустым.
2017-12-18T08:36:29+00:00 ERROR WalletOne\Classes\StandardsMethods\W1Settings Поле Ключ (ЭЦП) интернет-магазина не должно быть пустым.
2017-12-18T08:37:38+00:00 ERROR WalletOne\Classes\StandardsMethods\W1Settings Поле Индентификатор (номер кассы) не должно быть пустым.
2017-12-18T08:37:38+00:00 ERROR WalletOne\Classes\StandardsMethods\W1Settings Поле Ключ (ЭЦП) интернет-магазина не должно быть пустым.
2017-12-18T08:37:43+00:00 ERROR WalletOne\Classes\StandardsMethods\W1Settings Поле Индентификатор (номер кассы) не должно быть пустым.
2017-12-18T08:37:43+00:00 ERROR WalletOne\Classes\StandardsMethods\W1Settings Поле Ключ (ЭЦП) интернет-магазина не должно быть пустым.
2017-12-18T08:40:24+00:00 ERROR WalletOne\Classes\StandardsMethods\W1Settings Поле Индентификатор (номер кассы) не должно быть пустым.
2017-12-18T08:40:24+00:00 ERROR WalletOne\Classes\StandardsMethods\W1Settings Поле Ключ (ЭЦП) интернет-магазина не должно быть пустым.
2017-12-18T08:40:38+00:00 ERROR WalletOne\Classes\StandardsMethods\W1Settings Поле Индентификатор (номер кассы) не должно быть пустым.
2017-12-18T08:40:38+00:00 ERROR WalletOne\Classes\StandardsMethods\W1Settings Поле Ключ (ЭЦП) интернет-магазина не должно быть пустым.
2017-12-18T08:44:10+00:00 ERROR WalletOne\Classes\StandardsMethods\W1Settings Поле Индентификатор (номер кассы) не должно быть пустым.
2017-12-18T08:44:10+00:00 ERROR WalletOne\Classes\StandardsMethods\W1Settings Поле Ключ (ЭЦП) интернет-магазина не должно быть пустым.
2017-12-18T08:44:18+00:00 ERROR WalletOne\Classes\StandardsMethods\W1Settings Поле Индентификатор (номер кассы) не должно быть пустым.
2017-12-18T08:44:18+00:00 ERROR WalletOne\Classes\StandardsMethods\W1Settings Поле Ключ (ЭЦП) интернет-магазина не должно быть пустым.
2017-12-18T08:46:33+00:00 ERROR WalletOne\Classes\StandardsMethods\W1Settings Поле Индентификатор (номер кассы) не должно быть пустым.
2017-12-18T08:46:33+00:00 ERROR WalletOne\Classes\StandardsMethods\W1Settings Поле Ключ (ЭЦП) интернет-магазина не должно быть пустым.
2017-12-18T08:46:40+00:00 ERROR WalletOne\Classes\StandardsMethods\W1Settings Поле Индентификатор (номер кассы) не должно быть пустым.
2017-12-18T08:46:40+00:00 ERROR WalletOne\Classes\StandardsMethods\W1Settings Поле Ключ (ЭЦП) интернет-магазина не должно быть пустым.
2017-12-18T08:48:37+00:00 ERROR WalletOne\Classes\StandardsMethods\W1Settings Поле Индентификатор (номер кассы) не должно быть пустым.
2017-12-18T08:48:37+00:00 ERROR WalletOne\Classes\StandardsMethods\W1Settings Поле Ключ (ЭЦП) интернет-магазина не должно быть пустым.
2017-12-18T08:48:52+00:00 ERROR WalletOne\Classes\StandardsMethods\W1Settings Поле Индентификатор (номер кассы) не должно быть пустым.
2017-12-18T08:48:52+00:00 ERROR WalletOne\Classes\StandardsMethods\W1Settings Поле Ключ (ЭЦП) интернет-магазина не должно быть пустым.
2017-12-18T08:52:54+00:00 ERROR WalletOne\Classes\StandardsMethods\W1Settings Поле Индентификатор (номер кассы) не должно быть пустым.
2017-12-18T08:52:54+00:00 ERROR WalletOne\Classes\StandardsMethods\W1Settings Поле Ключ (ЭЦП) интернет-магазина не должно быть пустым.
2017-12-18T08:53:02+00:00 ERROR WalletOne\Classes\StandardsMethods\W1Settings Поле Индентификатор (номер кассы) не должно быть пустым.
2017-12-18T08:53:02+00:00 ERROR WalletOne\Classes\StandardsMethods\W1Settings Поле Ключ (ЭЦП) интернет-магазина не должно быть пустым.
2017-12-18T08:53:41+00:00 ERROR WalletOne\Classes\StandardsMethods\W1Settings Поле Индентификатор (номер кассы) не должно быть пустым.
2017-12-18T08:53:41+00:00 ERROR WalletOne\Classes\StandardsMethods\W1Settings Поле Ключ (ЭЦП) интернет-магазина не должно быть пустым.
2017-12-18T08:54:24+00:00 ERROR WalletOne\Classes\StandardsMethods\W1Settings Поле Индентификатор (номер кассы) не должно быть пустым.
2017-12-18T08:54:24+00:00 ERROR WalletOne\Classes\StandardsMethods\W1Settings Поле Ключ (ЭЦП) интернет-магазина не должно быть пустым.
2017-12-18T08:54:27+00:00 ERROR WalletOne\Classes\StandardsMethods\W1Settings Поле Индентификатор (номер кассы) не должно быть пустым.
2017-12-18T08:54:27+00:00 ERROR WalletOne\Classes\StandardsMethods\W1Settings Поле Ключ (ЭЦП) интернет-магазина не должно быть пустым.
2017-12-18T08:55:07+00:00 ERROR WalletOne\Classes\StandardsMethods\W1Settings Поле Индентификатор (номер кассы) не должно быть пустым.
2017-12-18T08:55:07+00:00 ERROR WalletOne\Classes\StandardsMethods\W1Settings Поле Ключ (ЭЦП) интернет-магазина не должно быть пустым.
2017-12-18T08:55:43+00:00 ERROR WalletOne\Classes\StandardsMethods\W1Settings Поле Индентификатор (номер кассы) не должно быть пустым.
2017-12-18T08:55:43+00:00 ERROR WalletOne\Classes\StandardsMethods\W1Settings Поле Ключ (ЭЦП) интернет-магазина не должно быть пустым.
2017-12-18T08:55:52+00:00 ERROR WalletOne\Classes\StandardsMethods\W1Settings Поле Индентификатор (номер кассы) не должно быть пустым.
2017-12-18T08:55:52+00:00 ERROR WalletOne\Classes\StandardsMethods\W1Settings Поле Ключ (ЭЦП) интернет-магазина не должно быть пустым.
2017-12-18T08:56:12+00:00 ERROR WalletOne\Classes\StandardsMethods\W1Settings Поле Индентификатор (номер кассы) не должно быть пустым.
2017-12-18T08:56:12+00:00 ERROR WalletOne\Classes\StandardsMethods\W1Settings Поле Ключ (ЭЦП) интернет-магазина не должно быть пустым.
2017-12-18T08:56:16+00:00 ERROR WalletOne\Classes\StandardsMethods\W1Settings Поле Индентификатор (номер кассы) не должно быть пустым.
2017-12-18T08:56:16+00:00 ERROR WalletOne\Classes\StandardsMethods\W1Settings Поле Ключ (ЭЦП) интернет-магазина не должно быть пустым.
2017-12-18T08:56:24+00:00 ERROR WalletOne\Classes\StandardsMethods\W1Settings Поле Индентификатор (номер кассы) не должно быть пустым.
2017-12-18T08:56:24+00:00 ERROR WalletOne\Classes\StandardsMethods\W1Settings Поле Ключ (ЭЦП) интернет-магазина не должно быть пустым.
2017-12-18T08:59:37+00:00 ERROR WalletOne\Classes\StandardsMethods\W1Settings Поле Индентификатор (номер кассы) не должно быть пустым.
2017-12-18T08:59:37+00:00 ERROR WalletOne\Classes\StandardsMethods\W1Settings Поле Ключ (ЭЦП) интернет-магазина не должно быть пустым.
2017-12-18T08:59:44+00:00 ERROR WalletOne\Classes\StandardsMethods\W1Settings Поле Индентификатор (номер кассы) не должно быть пустым.
2017-12-18T08:59:44+00:00 ERROR WalletOne\Classes\StandardsMethods\W1Settings Поле Ключ (ЭЦП) интернет-магазина не должно быть пустым.
2017-12-18T09:00:28+00:00 ERROR WalletOne\Classes\StandardsMethods\W1Settings Поле Индентификатор (номер кассы) не должно быть пустым.
2017-12-18T09:00:28+00:00 ERROR WalletOne\Classes\StandardsMethods\W1Settings Поле Ключ (ЭЦП) интернет-магазина не должно быть пустым.
2017-12-18T09:00:37+00:00 ERROR WalletOne\Classes\StandardsMethods\W1Settings Поле Индентификатор (номер кассы) не должно быть пустым.
2017-12-18T09:00:37+00:00 ERROR WalletOne\Classes\StandardsMethods\W1Settings Поле Ключ (ЭЦП) интернет-магазина не должно быть пустым.
2017-12-18T09:00:56+00:00 ERROR WalletOne\Classes\StandardsMethods\W1Settings Поле Индентификатор (номер кассы) не должно быть пустым.
2017-12-18T09:00:56+00:00 ERROR WalletOne\Classes\StandardsMethods\W1Settings Поле Ключ (ЭЦП) интернет-магазина не должно быть пустым.
2017-12-18T09:06:52+00:00 ERROR WalletOne\Classes\StandardsMethods\W1Settings Поле Индентификатор (номер кассы) не должно быть пустым.
2017-12-18T09:06:52+00:00 ERROR WalletOne\Classes\StandardsMethods\W1Settings Поле Ключ (ЭЦП) интернет-магазина не должно быть пустым.
2017-12-18T09:10:00+00:00 ERROR WalletOne\Classes\StandardsMethods\W1Settings Поле Индентификатор (номер кассы) не должно быть пустым.
2017-12-18T09:10:00+00:00 ERROR WalletOne\Classes\StandardsMethods\W1Settings Поле Ключ (ЭЦП) интернет-магазина не должно быть пустым.
2017-12-18T09:10:10+00:00 ERROR WalletOne\Classes\StandardsMethods\W1Settings Поле Индентификатор (номер кассы) не должно быть пустым.
2017-12-18T09:10:10+00:00 ERROR WalletOne\Classes\StandardsMethods\W1Settings Поле Ключ (ЭЦП) интернет-магазина не должно быть пустым.
2017-12-18T09:27:33+00:00 ERROR WalletOne\Classes\StandardsMethods\W1Settings Поле Индентификатор (номер кассы) не должно быть пустым.
2017-12-18T09:27:33+00:00 ERROR WalletOne\Classes\StandardsMethods\W1Settings Поле Ключ (ЭЦП) интернет-магазина не должно быть пустым.
2017-12-18T09:27:47+00:00 ERROR WalletOne\Classes\StandardsMethods\W1Settings Поле Индентификатор (номер кассы) не должно быть пустым.
2017-12-18T09:27:47+00:00 ERROR WalletOne\Classes\StandardsMethods\W1Settings Поле Ключ (ЭЦП) интернет-магазина не должно быть пустым.
2017-12-18T09:31:22+00:00 ERROR WalletOne\Classes\StandardsMethods\W1Settings Поле Индентификатор (номер кассы) не должно быть пустым.
2017-12-18T09:31:22+00:00 ERROR WalletOne\Classes\StandardsMethods\W1Settings Поле Ключ (ЭЦП) интернет-магазина не должно быть пустым.
2017-12-18T09:31:29+00:00 ERROR WalletOne\Classes\StandardsMethods\W1Settings Поле Индентификатор (номер кассы) не должно быть пустым.
2017-12-18T09:31:29+00:00 ERROR WalletOne\Classes\StandardsMethods\W1Settings Поле Ключ (ЭЦП) интернет-магазина не должно быть пустым.
2017-12-18T09:33:50+00:00 ERROR WalletOne\Classes\StandardsMethods\W1Settings Поле Индентификатор (номер кассы) не должно быть пустым.
2017-12-18T09:33:50+00:00 ERROR WalletOne\Classes\StandardsMethods\W1Settings Поле Ключ (ЭЦП) интернет-магазина не должно быть пустым.
2017-12-18T09:33:56+00:00 ERROR WalletOne\Classes\StandardsMethods\W1Settings Поле Индентификатор (номер кассы) не должно быть пустым.
2017-12-18T09:33:56+00:00 ERROR WalletOne\Classes\StandardsMethods\W1Settings Поле Ключ (ЭЦП) интернет-магазина не должно быть пустым.
2017-12-18T09:34:20+00:00 ERROR WalletOne\Classes\StandardsMethods\W1Settings Поле Индентификатор (номер кассы) не должно быть пустым.
2017-12-18T09:34:20+00:00 ERROR WalletOne\Classes\StandardsMethods\W1Settings Поле Ключ (ЭЦП) интернет-магазина не должно быть пустым.
2017-12-18T09:34:25+00:00 ERROR WalletOne\Classes\StandardsMethods\W1Settings Поле Индентификатор (номер кассы) не должно быть пустым.
2017-12-18T09:34:25+00:00 ERROR WalletOne\Classes\StandardsMethods\W1Settings Поле Ключ (ЭЦП) интернет-магазина не должно быть пустым.
2017-12-18T09:36:46+00:00 ERROR WalletOne\Classes\StandardsMethods\W1Settings Поле Индентификатор (номер кассы) не должно быть пустым.
2017-12-18T09:36:46+00:00 ERROR WalletOne\Classes\StandardsMethods\W1Settings Поле Ключ (ЭЦП) интернет-магазина не должно быть пустым.
2017-12-18T09:36:57+00:00 ERROR WalletOne\Classes\StandardsMethods\W1Settings Поле Индентификатор (номер кассы) не должно быть пустым.
2017-12-18T09:36:57+00:00 ERROR WalletOne\Classes\StandardsMethods\W1Settings Поле Ключ (ЭЦП) интернет-магазина не должно быть пустым.
2017-12-18T09:38:58+00:00 ERROR WalletOne\Classes\StandardsMethods\W1Settings Поле Индентификатор (номер кассы) не должно быть пустым.
2017-12-18T09:38:58+00:00 ERROR WalletOne\Classes\StandardsMethods\W1Settings Поле Ключ (ЭЦП) интернет-магазина не должно быть пустым.
2017-12-18T09:39:08+00:00 ERROR WalletOne\Classes\StandardsMethods\W1Settings Поле Индентификатор (номер кассы) не должно быть пустым.
2017-12-18T09:39:08+00:00 ERROR WalletOne\Classes\StandardsMethods\W1Settings Поле Ключ (ЭЦП) интернет-магазина не должно быть пустым.
2017-12-18T09:39:57+00:00 ERROR WalletOne\Classes\StandardsMethods\W1Settings Поле Индентификатор (номер кассы) не должно быть пустым.
2017-12-18T09:39:57+00:00 ERROR WalletOne\Classes\StandardsMethods\W1Settings Поле Ключ (ЭЦП) интернет-магазина не должно быть пустым.
2017-12-18T09:40:03+00:00 ERROR WalletOne\Classes\StandardsMethods\W1Settings Поле Индентификатор (номер кассы) не должно быть пустым.
2017-12-18T09:40:03+00:00 ERROR WalletOne\Classes\StandardsMethods\W1Settings Поле Ключ (ЭЦП) интернет-магазина не должно быть пустым.
2017-12-18T09:40:48+00:00 ERROR WalletOne\Classes\StandardsMethods\W1Settings Поле Индентификатор (номер кассы) не должно быть пустым.
2017-12-18T09:40:48+00:00 ERROR WalletOne\Classes\StandardsMethods\W1Settings Поле Ключ (ЭЦП) интернет-магазина не должно быть пустым.
2017-12-18T09:40:52+00:00 ERROR WalletOne\Classes\StandardsMethods\W1Settings Поле Индентификатор (номер кассы) не должно быть пустым.
2017-12-18T09:40:52+00:00 ERROR WalletOne\Classes\StandardsMethods\W1Settings Поле Ключ (ЭЦП) интернет-магазина не должно быть пустым.
2017-12-18T09:41:16+00:00 ERROR WalletOne\Classes\StandardsMethods\W1Settings Поле Индентификатор (номер кассы) не должно быть пустым.
2017-12-18T09:41:16+00:00 ERROR WalletOne\Classes\StandardsMethods\W1Settings Поле Ключ (ЭЦП) интернет-магазина не должно быть пустым.
2017-12-18T09:41:22+00:00 ERROR WalletOne\Classes\StandardsMethods\W1Settings Поле Индентификатор (номер кассы) не должно быть пустым.
2017-12-18T09:41:22+00:00 ERROR WalletOne\Classes\StandardsMethods\W1Settings Поле Ключ (ЭЦП) интернет-магазина не должно быть пустым.
2017-12-18T09:42:53+00:00 ERROR WalletOne\Classes\StandardsMethods\W1Settings Поле Индентификатор (номер кассы) не должно быть пустым.
2017-12-18T09:42:53+00:00 ERROR WalletOne\Classes\StandardsMethods\W1Settings Поле Ключ (ЭЦП) интернет-магазина не должно быть пустым.
2017-12-18T09:43:04+00:00 ERROR WalletOne\Classes\StandardsMethods\W1Settings Поле Индентификатор (номер кассы) не должно быть пустым.
2017-12-18T09:43:04+00:00 ERROR WalletOne\Classes\StandardsMethods\W1Settings Поле Ключ (ЭЦП) интернет-магазина не должно быть пустым.
2017-12-18T09:43:23+00:00 ERROR WalletOne\Classes\StandardsMethods\W1Settings Поле Индентификатор (номер кассы) не должно быть пустым.
2017-12-18T09:43:23+00:00 ERROR WalletOne\Classes\StandardsMethods\W1Settings Поле Ключ (ЭЦП) интернет-магазина не должно быть пустым.
2017-12-18T09:43:32+00:00 ERROR WalletOne\Classes\StandardsMethods\W1Settings Поле Индентификатор (номер кассы) не должно быть пустым.
2017-12-18T09:43:32+00:00 ERROR WalletOne\Classes\StandardsMethods\W1Settings Поле Ключ (ЭЦП) интернет-магазина не должно быть пустым.
2017-12-18T09:45:48+00:00 ERROR WalletOne\Classes\StandardsMethods\W1Settings Поле Индентификатор (номер кассы) не должно быть пустым.
2017-12-18T09:45:48+00:00 ERROR WalletOne\Classes\StandardsMethods\W1Settings Поле Ключ (ЭЦП) интернет-магазина не должно быть пустым.
2017-12-18T09:45:56+00:00 ERROR WalletOne\Classes\StandardsMethods\W1Settings Поле Индентификатор (номер кассы) не должно быть пустым.
2017-12-18T09:45:56+00:00 ERROR WalletOne\Classes\StandardsMethods\W1Settings Поле Ключ (ЭЦП) интернет-магазина не должно быть пустым.
2017-12-18T09:46:36+00:00 ERROR WalletOne\Classes\StandardsMethods\W1Settings Поле Индентификатор (номер кассы) не должно быть пустым.
2017-12-18T09:46:36+00:00 ERROR WalletOne\Classes\StandardsMethods\W1Settings Поле Ключ (ЭЦП) интернет-магазина не должно быть пустым.
2017-12-18T09:46:45+00:00 ERROR WalletOne\Classes\StandardsMethods\W1Settings Поле Индентификатор (номер кассы) не должно быть пустым.
2017-12-18T09:46:45+00:00 ERROR WalletOne\Classes\StandardsMethods\W1Settings Поле Ключ (ЭЦП) интернет-магазина не должно быть пустым.
2017-12-18T09:48:22+00:00 ERROR WalletOne\Classes\StandardsMethods\W1Settings Поле Индентификатор (номер кассы) не должно быть пустым.
2017-12-18T09:48:22+00:00 ERROR WalletOne\Classes\StandardsMethods\W1Settings Поле Ключ (ЭЦП) интернет-магазина не должно быть пустым.
2017-12-18T09:48:31+00:00 ERROR WalletOne\Classes\StandardsMethods\W1Settings Поле Индентификатор (номер кассы) не должно быть пустым.
2017-12-18T09:48:31+00:00 ERROR WalletOne\Classes\StandardsMethods\W1Settings Поле Ключ (ЭЦП) интернет-магазина не должно быть пустым.
2017-12-18T09:49:19+00:00 ERROR WalletOne\Classes\StandardsMethods\W1Settings Поле Индентификатор (номер кассы) не должно быть пустым.
2017-12-18T09:49:19+00:00 ERROR WalletOne\Classes\StandardsMethods\W1Settings Поле Ключ (ЭЦП) интернет-магазина не должно быть пустым.
2017-12-18T09:49:24+00:00 ERROR WalletOne\Classes\StandardsMethods\W1Settings Поле Индентификатор (номер кассы) не должно быть пустым.
2017-12-18T09:49:24+00:00 ERROR WalletOne\Classes\StandardsMethods\W1Settings Поле Ключ (ЭЦП) интернет-магазина не должно быть пустым.
2017-12-18T09:51:35+00:00 ERROR WalletOne\Classes\StandardsMethods\W1Settings Поле Индентификатор (номер кассы) не должно быть пустым.
2017-12-18T09:51:35+00:00 ERROR WalletOne\Classes\StandardsMethods\W1Settings Поле Ключ (ЭЦП) интернет-магазина не должно быть пустым.
2017-12-18T09:51:40+00:00 ERROR WalletOne\Classes\StandardsMethods\W1Settings Поле Индентификатор (номер кассы) не должно быть пустым.
2017-12-18T09:51:40+00:00 ERROR WalletOne\Classes\StandardsMethods\W1Settings Поле Ключ (ЭЦП) интернет-магазина не должно быть пустым.
2017-12-18T09:53:49+00:00 ERROR WalletOne\Classes\StandardsMethods\W1Settings Поле Индентификатор (номер кассы) не должно быть пустым.
2017-12-18T09:53:49+00:00 ERROR WalletOne\Classes\StandardsMethods\W1Settings Поле Ключ (ЭЦП) интернет-магазина не должно быть пустым.
2017-12-18T09:53:58+00:00 ERROR WalletOne\Classes\StandardsMethods\W1Settings Поле Индентификатор (номер кассы) не должно быть пустым.
2017-12-18T09:53:58+00:00 ERROR WalletOne\Classes\StandardsMethods\W1Settings Поле Ключ (ЭЦП) интернет-магазина не должно быть пустым.
2017-12-18T09:55:11+00:00 ERROR WalletOne\Classes\StandardsMethods\W1Settings Поле Индентификатор (номер кассы) не должно быть пустым.
2017-12-18T09:55:11+00:00 ERROR WalletOne\Classes\StandardsMethods\W1Settings Поле Ключ (ЭЦП) интернет-магазина не должно быть пустым.
2017-12-18T09:55:19+00:00 ERROR WalletOne\Classes\StandardsMethods\W1Settings Поле Индентификатор (номер кассы) не должно быть пустым.
2017-12-18T09:55:19+00:00 ERROR WalletOne\Classes\StandardsMethods\W1Settings Поле Ключ (ЭЦП) интернет-магазина не должно быть пустым.
2017-12-18T09:56:15+00:00 ERROR WalletOne\Classes\StandardsMethods\W1Settings Поле Индентификатор (номер кассы) не должно быть пустым.
2017-12-18T09:56:15+00:00 ERROR WalletOne\Classes\StandardsMethods\W1Settings Поле Ключ (ЭЦП) интернет-магазина не должно быть пустым.
2017-12-18T09:56:26+00:00 ERROR WalletOne\Classes\StandardsMethods\W1Settings Поле Индентификатор (номер кассы) не должно быть пустым.
2017-12-18T09:56:26+00:00 ERROR WalletOne\Classes\StandardsMethods\W1Settings Поле Ключ (ЭЦП) интернет-магазина не должно быть пустым.
2017-12-18T10:00:13+00:00 ERROR WalletOne\Classes\StandardsMethods\W1Settings Поле Индентификатор (номер кассы) не должно быть пустым.
2017-12-18T10:00:13+00:00 ERROR WalletOne\Classes\StandardsMethods\W1Settings Поле Ключ (ЭЦП) интернет-магазина не должно быть пустым.
2017-12-18T10:00:21+00:00 ERROR WalletOne\Classes\StandardsMethods\W1Settings Поле Индентификатор (номер кассы) не должно быть пустым.
2017-12-18T10:00:21+00:00 ERROR WalletOne\Classes\StandardsMethods\W1Settings Поле Ключ (ЭЦП) интернет-магазина не должно быть пустым.
2017-12-18T10:01:53+00:00 ERROR WalletOne\Classes\StandardsMethods\W1Settings Поле Индентификатор (номер кассы) не должно быть пустым.
2017-12-18T10:01:53+00:00 ERROR WalletOne\Classes\StandardsMethods\W1Settings Поле Ключ (ЭЦП) интернет-магазина не должно быть пустым.
2017-12-18T10:01:58+00:00 ERROR WalletOne\Classes\StandardsMethods\W1Settings Поле Индентификатор (номер кассы) не должно быть пустым.
2017-12-18T10:01:58+00:00 ERROR WalletOne\Classes\StandardsMethods\W1Settings Поле Ключ (ЭЦП) интернет-магазина не должно быть пустым.
2017-12-18T10:02:23+00:00 ERROR WalletOne\Classes\StandardsMethods\W1Settings Поле Индентификатор (номер кассы) не должно быть пустым.
2017-12-18T10:02:23+00:00 ERROR WalletOne\Classes\StandardsMethods\W1Settings Поле Ключ (ЭЦП) интернет-магазина не должно быть пустым.
2017-12-18T10:02:25+00:00 ERROR WalletOne\Classes\StandardsMethods\W1Settings Поле Индентификатор (номер кассы) не должно быть пустым.
2017-12-18T10:02:25+00:00 ERROR WalletOne\Classes\StandardsMethods\W1Settings Поле Ключ (ЭЦП) интернет-магазина не должно быть пустым.
2017-12-18T10:02:37+00:00 ERROR WalletOne\Classes\StandardsMethods\W1Settings Поле Индентификатор (номер кассы) не должно быть пустым.
2017-12-18T10:02:37+00:00 ERROR WalletOne\Classes\StandardsMethods\W1Settings Поле Ключ (ЭЦП) интернет-магазина не должно быть пустым.
2017-12-18T10:02:47+00:00 ERROR WalletOne\Classes\StandardsMethods\W1Settings Поле Индентификатор (номер кассы) не должно быть пустым.
2017-12-18T10:02:47+00:00 ERROR WalletOne\Classes\StandardsMethods\W1Settings Поле Ключ (ЭЦП) интернет-магазина не должно быть пустым.
2017-12-18T10:14:54+00:00 ERROR WalletOne\Classes\StandardsMethods\W1Settings Поле Индентификатор (номер кассы) не должно быть пустым.
2017-12-18T10:14:54+00:00 ERROR WalletOne\Classes\StandardsMethods\W1Settings Поле Ключ (ЭЦП) интернет-магазина не должно быть пустым.
2017-12-18T10:17:51+00:00 ERROR WalletOne\Classes\StandardsMethods\W1Settings Поле Индентификатор (номер кассы) не должно быть пустым.
2017-12-18T10:17:51+00:00 ERROR WalletOne\Classes\StandardsMethods\W1Settings Поле Ключ (ЭЦП) интернет-магазина не должно быть пустым.
2017-12-18T10:19:32+00:00 ERROR WalletOne\Classes\StandardsMethods\W1Settings Поле Индентификатор (номер кассы) не должно быть пустым.
2017-12-18T10:19:32+00:00 ERROR WalletOne\Classes\StandardsMethods\W1Settings Поле Ключ (ЭЦП) интернет-магазина не должно быть пустым.
2017-12-18T10:19:38+00:00 ERROR WalletOne\Classes\StandardsMethods\W1Settings Поле Индентификатор (номер кассы) не должно быть пустым.
2017-12-18T10:19:38+00:00 ERROR WalletOne\Classes\StandardsMethods\W1Settings Поле Ключ (ЭЦП) интернет-магазина не должно быть пустым.
2017-12-18T10:19:45+00:00 ERROR WalletOne\Classes\StandardsMethods\W1Settings Поле Индентификатор (номер кассы) не должно быть пустым.
2017-12-18T10:19:45+00:00 ERROR WalletOne\Classes\StandardsMethods\W1Settings Поле Ключ (ЭЦП) интернет-магазина не должно быть пустым.
2017-12-18T10:21:34+00:00 ERROR WalletOne\Classes\StandardsMethods\W1Settings Поле Индентификатор (номер кассы) не должно быть пустым.
2017-12-18T10:21:34+00:00 ERROR WalletOne\Classes\StandardsMethods\W1Settings Поле Ключ (ЭЦП) интернет-магазина не должно быть пустым.
2017-12-18T10:21:47+00:00 ERROR WalletOne\Classes\StandardsMethods\W1Settings Поле Индентификатор (номер кассы) не должно быть пустым.
2017-12-18T10:21:47+00:00 ERROR WalletOne\Classes\StandardsMethods\W1Settings Поле Ключ (ЭЦП) интернет-магазина не должно быть пустым.
2017-12-18T10:23:12+00:00 ERROR WalletOne\Classes\StandardsMethods\W1Settings Поле Индентификатор (номер кассы) не должно быть пустым.
2017-12-18T10:23:12+00:00 ERROR WalletOne\Classes\StandardsMethods\W1Settings Поле Ключ (ЭЦП) интернет-магазина не должно быть пустым.
2017-12-18T10:23:20+00:00 ERROR WalletOne\Classes\StandardsMethods\W1Settings Поле Индентификатор (номер кассы) не должно быть пустым.
2017-12-18T10:23:20+00:00 ERROR WalletOne\Classes\StandardsMethods\W1Settings Поле Ключ (ЭЦП) интернет-магазина не должно быть пустым.
2017-12-18T10:23:25+00:00 ERROR WalletOne\Classes\StandardsMethods\W1Settings Поле Индентификатор (номер кассы) не должно быть пустым.
2017-12-18T10:23:25+00:00 ERROR WalletOne\Classes\StandardsMethods\W1Settings Поле Ключ (ЭЦП) интернет-магазина не должно быть пустым.
2017-12-18T10:23:30+00:00 ERROR WalletOne\Classes\StandardsMethods\W1Settings Поле Индентификатор (номер кассы) не должно быть пустым.
2017-12-18T10:23:30+00:00 ERROR WalletOne\Classes\StandardsMethods\W1Settings Поле Ключ (ЭЦП) интернет-магазина не должно быть пустым.
2017-12-18T10:24:18+00:00 ERROR WalletOne\Classes\StandardsMethods\W1Settings Поле Индентификатор (номер кассы) не должно быть пустым.
2017-12-18T10:24:18+00:00 ERROR WalletOne\Classes\StandardsMethods\W1Settings Поле Ключ (ЭЦП) интернет-магазина не должно быть пустым.
2017-12-18T10:24:30+00:00 ERROR WalletOne\Classes\StandardsMethods\W1Settings Поле Индентификатор (номер кассы) не должно быть пустым.
2017-12-18T10:24:30+00:00 ERROR WalletOne\Classes\StandardsMethods\W1Settings Поле Ключ (ЭЦП) интернет-магазина не должно быть пустым.
2017-12-18T10:24:35+00:00 ERROR WalletOne\Classes\StandardsMethods\W1Settings Поле Индентификатор (номер кассы) не должно быть пустым.
2017-12-18T10:24:35+00:00 ERROR WalletOne\Classes\StandardsMethods\W1Settings Поле Ключ (ЭЦП) интернет-магазина не должно быть пустым.
2017-12-18T10:24:43+00:00 ERROR WalletOne\Classes\StandardsMethods\W1Settings Поле Индентификатор (номер кассы) не должно быть пустым.
2017-12-18T10:24:43+00:00 ERROR WalletOne\Classes\StandardsMethods\W1Settings Поле Ключ (ЭЦП) интернет-магазина не должно быть пустым.
2017-12-18T10:24:54+00:00 ERROR WalletOne\Classes\StandardsMethods\W1Settings Поле Индентификатор (номер кассы) не должно быть пустым.
2017-12-18T10:24:54+00:00 ERROR WalletOne\Classes\StandardsMethods\W1Settings Поле Ключ (ЭЦП) интернет-магазина не должно быть пустым.
2017-12-18T10:27:03+00:00 ERROR WalletOne\Classes\StandardsMethods\W1Settings Поле Индентификатор (номер кассы) не должно быть пустым.
2017-12-18T10:27:03+00:00 ERROR WalletOne\Classes\StandardsMethods\W1Settings Поле Ключ (ЭЦП) интернет-магазина не должно быть пустым.
2017-12-18T10:27:03+00:00 ERROR WalletOne\Classes\StandardsMethods\W1Settings Поле Индентификатор (номер кассы) не должно быть пустым.
2017-12-18T10:27:03+00:00 ERROR WalletOne\Classes\StandardsMethods\W1Settings Поле Ключ (ЭЦП) интернет-магазина не должно быть пустым.
2017-12-18T10:27:33+00:00 ERROR WalletOne\Classes\StandardsMethods\W1Settings Поле Индентификатор (номер кассы) не должно быть пустым.
2017-12-18T10:27:33+00:00 ERROR WalletOne\Classes\StandardsMethods\W1Settings Поле Ключ (ЭЦП) интернет-магазина не должно быть пустым.
2017-12-18T10:27:38+00:00 ERROR WalletOne\Classes\StandardsMethods\W1Settings Поле Индентификатор (номер кассы) не должно быть пустым.
2017-12-18T10:27:38+00:00 ERROR WalletOne\Classes\StandardsMethods\W1Settings Поле Ключ (ЭЦП) интернет-магазина не должно быть пустым.
2017-12-18T10:27:44+00:00 ERROR WalletOne\Classes\StandardsMethods\W1Settings Поле Индентификатор (номер кассы) не должно быть пустым.
2017-12-18T10:27:44+00:00 ERROR WalletOne\Classes\StandardsMethods\W1Settings Поле Ключ (ЭЦП) интернет-магазина не должно быть пустым.
2017-12-18T10:27:54+00:00 ERROR WalletOne\Classes\StandardsMethods\W1Settings Поле Индентификатор (номер кассы) не должно быть пустым.
2017-12-18T10:27:54+00:00 ERROR WalletOne\Classes\StandardsMethods\W1Settings Поле Ключ (ЭЦП) интернет-магазина не должно быть пустым.
2017-12-18T10:28:02+00:00 ERROR WalletOne\Classes\StandardsMethods\W1Settings Поле Индентификатор (номер кассы) не должно быть пустым.
2017-12-18T10:28:02+00:00 ERROR WalletOne\Classes\StandardsMethods\W1Settings Поле Ключ (ЭЦП) интернет-магазина не должно быть пустым.
2017-12-18T10:35:04+00:00 ERROR WalletOne\Classes\StandardsMethods\W1Settings Поле Индентификатор (номер кассы) не должно быть пустым.
2017-12-18T10:35:04+00:00 ERROR WalletOne\Classes\StandardsMethods\W1Settings Поле Ключ (ЭЦП) интернет-магазина не должно быть пустым.
2017-12-18T10:35:12+00:00 ERROR WalletOne\Classes\StandardsMethods\W1Settings Поле Индентификатор (номер кассы) не должно быть пустым.
2017-12-18T10:35:12+00:00 ERROR WalletOne\Classes\StandardsMethods\W1Settings Поле Ключ (ЭЦП) интернет-магазина не должно быть пустым.
2017-12-18T10:40:03+00:00 ERROR WalletOne\Classes\StandardsMethods\W1Settings Поле Индентификатор (номер кассы) не должно быть пустым.
2017-12-18T10:40:03+00:00 ERROR WalletOne\Classes\StandardsMethods\W1Settings Поле Ключ (ЭЦП) интернет-магазина не должно быть пустым.
2017-12-18T10:41:52+00:00 ERROR WalletOne\Classes\StandardsMethods\W1Settings Поле Индентификатор (номер кассы) не должно быть пустым.
2017-12-18T10:41:52+00:00 ERROR WalletOne\Classes\StandardsMethods\W1Settings Поле Ключ (ЭЦП) интернет-магазина не должно быть пустым.
2017-12-18T10:42:06+00:00 ERROR WalletOne\Classes\StandardsMethods\W1Settings Поле Индентификатор (номер кассы) не должно быть пустым.
2017-12-18T10:42:06+00:00 ERROR WalletOne\Classes\StandardsMethods\W1Settings Поле Ключ (ЭЦП) интернет-магазина не должно быть пустым.
2017-12-18T10:42:22+00:00 ERROR WalletOne\Classes\StandardsMethods\W1Settings Поле Индентификатор (номер кассы) не должно быть пустым.
2017-12-18T10:42:22+00:00 ERROR WalletOne\Classes\StandardsMethods\W1Settings Поле Ключ (ЭЦП) интернет-магазина не должно быть пустым.
2017-12-18T10:42:29+00:00 ERROR WalletOne\Classes\StandardsMethods\W1Settings Поле Индентификатор (номер кассы) не должно быть пустым.
2017-12-18T10:42:29+00:00 ERROR WalletOne\Classes\StandardsMethods\W1Settings Поле Ключ (ЭЦП) интернет-магазина не должно быть пустым.
2017-12-18T10:42:37+00:00 ERROR WalletOne\Classes\StandardsMethods\W1Settings Поле Индентификатор (номер кассы) не должно быть пустым.
2017-12-18T10:42:37+00:00 ERROR WalletOne\Classes\StandardsMethods\W1Settings Поле Ключ (ЭЦП) интернет-магазина не должно быть пустым.
2017-12-18T10:42:47+00:00 ERROR WalletOne\Classes\StandardsMethods\W1Settings Поле Индентификатор (номер кассы) не должно быть пустым.
2017-12-18T10:42:47+00:00 ERROR WalletOne\Classes\StandardsMethods\W1Settings Поле Ключ (ЭЦП) интернет-магазина не должно быть пустым.
2017-12-18T10:42:55+00:00 ERROR WalletOne\Classes\StandardsMethods\W1Settings Поле Индентификатор (номер кассы) не должно быть пустым.
2017-12-18T10:42:55+00:00 ERROR WalletOne\Classes\StandardsMethods\W1Settings Поле Ключ (ЭЦП) интернет-магазина не должно быть пустым.
2017-12-18T10:43:03+00:00 ERROR WalletOne\Classes\StandardsMethods\W1Settings Поле Индентификатор (номер кассы) не должно быть пустым.
2017-12-18T10:43:03+00:00 ERROR WalletOne\Classes\StandardsMethods\W1Settings Поле Ключ (ЭЦП) интернет-магазина не должно быть пустым.
2017-12-18T10:43:16+00:00 ERROR WalletOne\Classes\StandardsMethods\W1Settings Поле Индентификатор (номер кассы) не должно быть пустым.
2017-12-18T10:43:16+00:00 ERROR WalletOne\Classes\StandardsMethods\W1Settings Поле Ключ (ЭЦП) интернет-магазина не должно быть пустым.
2017-12-18T11:46:15+00:00 ERROR WalletOne\Classes\StandardsMethods\W1Settings Поле Индентификатор (номер кассы) не должно быть пустым.
2017-12-18T11:46:15+00:00 ERROR WalletOne\Classes\StandardsMethods\W1Settings Поле Ключ (ЭЦП) интернет-магазина не должно быть пустым.
2017-12-18T11:47:27+00:00 ERROR WalletOne\Classes\StandardsMethods\W1Settings Поле Индентификатор (номер кассы) не должно быть пустым.
2017-12-18T11:47:27+00:00 ERROR WalletOne\Classes\StandardsMethods\W1Settings Поле Ключ (ЭЦП) интернет-магазина не должно быть пустым.
2017-12-18T11:52:06+00:00 ERROR WalletOne\Classes\StandardsMethods\W1Settings Поле Индентификатор (номер кассы) не должно быть пустым.
2017-12-18T11:52:06+00:00 ERROR WalletOne\Classes\StandardsMethods\W1Settings Поле Ключ (ЭЦП) интернет-магазина не должно быть пустым.
2017-12-18T12:01:05+00:00 ERROR WalletOne\Classes\StandardsMethods\W1Settings Поле Индентификатор (номер кассы) не должно быть пустым.
2017-12-18T12:01:05+00:00 ERROR WalletOne\Classes\StandardsMethods\W1Settings Поле Ключ (ЭЦП) интернет-магазина не должно быть пустым.
2017-12-18T12:01:54+00:00 ERROR WalletOne\Classes\StandardsMethods\W1Settings Поле Индентификатор (номер кассы) не должно быть пустым.
2017-12-18T12:01:54+00:00 ERROR WalletOne\Classes\StandardsMethods\W1Settings Поле Ключ (ЭЦП) интернет-магазина не должно быть пустым.
2017-12-18T12:44:36+00:00 ERROR WalletOne\Classes\StandardsMethods\W1Settings Поле Индентификатор (номер кассы) не должно быть пустым.
2017-12-18T12:44:36+00:00 ERROR WalletOne\Classes\StandardsMethods\W1Settings Поле Ключ (ЭЦП) интернет-магазина не должно быть пустым.
2017-12-18T12:45:30+00:00 ERROR WalletOne\Classes\StandardsMethods\W1Settings Поле Индентификатор (номер кассы) не должно быть пустым.
2017-12-18T12:45:30+00:00 ERROR WalletOne\Classes\StandardsMethods\W1Settings Поле Ключ (ЭЦП) интернет-магазина не должно быть пустым.
2017-12-18T12:48:27+00:00 ERROR WalletOne\Classes\StandardsMethods\W1Settings Поле Индентификатор (номер кассы) не должно быть пустым.
2017-12-18T12:48:27+00:00 ERROR WalletOne\Classes\StandardsMethods\W1Settings Поле Ключ (ЭЦП) интернет-магазина не должно быть пустым.
2017-12-20T09:27:20+00:00 ERROR WalletOne\Classes\StandardsMethods\W1Settings Поле Индентификатор (номер кассы) не должно быть пустым.
2017-12-20T09:27:20+00:00 ERROR WalletOne\Classes\StandardsMethods\W1Settings Поле Ключ (ЭЦП) интернет-магазина не должно быть пустым.
2017-12-20T09:27:21+00:00 ERROR WalletOne\Classes\StandardsMethods\W1Settings Поле Индентификатор (номер кассы) не должно быть пустым.
2017-12-20T09:27:21+00:00 ERROR WalletOne\Classes\StandardsMethods\W1Settings Поле Ключ (ЭЦП) интернет-магазина не должно быть пустым.
2017-12-20T09:50:36+00:00 ERROR WalletOne\Classes\StandardsMethods\W1Settings Поле Индентификатор (номер кассы) не должно быть пустым.
2017-12-20T09:50:36+00:00 ERROR WalletOne\Classes\StandardsMethods\W1Settings Поле Ключ (ЭЦП) интернет-магазина не должно быть пустым.
2017-12-20T09:50:43+00:00 ERROR WalletOne\Classes\StandardsMethods\W1Settings Поле Индентификатор (номер кассы) не должно быть пустым.
2017-12-20T09:50:43+00:00 ERROR WalletOne\Classes\StandardsMethods\W1Settings Поле Ключ (ЭЦП) интернет-магазина не должно быть пустым.
2017-12-20T09:50:49+00:00 ERROR WalletOne\Classes\StandardsMethods\W1Settings Поле Индентификатор (номер кассы) не должно быть пустым.
2017-12-20T09:50:49+00:00 ERROR WalletOne\Classes\StandardsMethods\W1Settings Поле Ключ (ЭЦП) интернет-магазина не должно быть пустым.
2017-12-20T09:51:17+00:00 ERROR WalletOne\Classes\StandardsMethods\W1Settings Поле Индентификатор (номер кассы) не должно быть пустым.
2017-12-20T09:51:17+00:00 ERROR WalletOne\Classes\StandardsMethods\W1Settings Поле Ключ (ЭЦП) интернет-магазина не должно быть пустым.
2017-12-20T09:51:17+00:00 ERROR WalletOne\Classes\StandardsMethods\W1Settings Поле Индентификатор (номер кассы) не должно быть пустым.
2017-12-20T09:51:17+00:00 ERROR WalletOne\Classes\StandardsMethods\W1Settings Поле Ключ (ЭЦП) интернет-магазина не должно быть пустым.
2017-12-20T09:52:38+00:00 ERROR WalletOne\Classes\StandardsMethods\W1Settings Поле Индентификатор (номер кассы) не должно быть пустым.
2017-12-20T09:52:38+00:00 ERROR WalletOne\Classes\StandardsMethods\W1Settings Поле Ключ (ЭЦП) интернет-магазина не должно быть пустым.
2017-12-20T09:52:40+00:00 ERROR WalletOne\Classes\StandardsMethods\W1Settings Поле Индентификатор (номер кассы) не должно быть пустым.
2017-12-20T09:52:40+00:00 ERROR WalletOne\Classes\StandardsMethods\W1Settings Поле Ключ (ЭЦП) интернет-магазина не должно быть пустым.
2017-12-20T10:08:55+00:00 ERROR WalletOne\Classes\StandardsMethods\W1Settings Поле Индентификатор (номер кассы) не должно быть пустым.
2017-12-20T10:08:55+00:00 ERROR WalletOne\Classes\StandardsMethods\W1Settings Поле Ключ (ЭЦП) интернет-магазина не должно быть пустым.
2017-12-20T10:08:57+00:00 ERROR WalletOne\Classes\StandardsMethods\W1Settings Поле Индентификатор (номер кассы) не должно быть пустым.
2017-12-20T10:08:57+00:00 ERROR WalletOne\Classes\StandardsMethods\W1Settings Поле Ключ (ЭЦП) интернет-магазина не должно быть пустым.
2017-12-20T10:10:00+00:00 ERROR WalletOne\Classes\StandardsMethods\W1Settings Поле Индентификатор (номер кассы) не должно быть пустым.
2017-12-20T10:10:00+00:00 ERROR WalletOne\Classes\StandardsMethods\W1Settings Поле Ключ (ЭЦП) интернет-магазина не должно быть пустым.
